2025-01-28 03:12:11,054 - INFO - Test case started
2025-01-28 03:12:22,680 - INFO - Message sent successfully from sender device
2025-01-28 03:12:30,388 - INFO - Message validated successfully on receiver device
2025-01-28 03:12:30,389 - INFO - Test case ended successfully
2025-01-28 04:07:04,395 - INFO - Test case started
2025-01-28 04:07:13,454 - INFO - Message sent successfully from sender device
2025-01-28 04:19:17,647 - INFO - Test case started
2025-01-28 04:19:26,501 - INFO - Message sent successfully from sender device
2025-01-28 04:22:39,341 - INFO - Test case started
2025-01-28 04:22:48,427 - INFO - Message sent successfully from sender device
2025-01-28 04:23:29,758 - INFO - Test case started
2025-01-28 04:23:40,611 - INFO - Message sent successfully from sender device
2025-01-28 04:23:48,304 - INFO - Message validated successfully on receiver device
2025-01-28 04:23:48,305 - INFO - Test case ended successfully
2025-01-28 04:34:22,321 - INFO - Test case started
2025-01-28 04:34:31,496 - INFO - Message sent successfully from sender device
2025-01-28 04:37:32,649 - INFO - Test case started
2025-01-28 04:37:41,288 - INFO - Message sent successfully from sender device
2025-01-28 04:57:33,031 - INFO - Test case started
2025-01-28 04:57:41,779 - INFO - Message sent successfully from sender device
2025-01-29 03:16:28,391 - INFO - Step 2: Validating message started
2025-01-29 03:16:28,392 - ERROR - No message found to validate. Ensure Step 1: Sending message has been executed.
2025-01-29 03:18:06,837 - INFO - Step 1: Sending message started
2025-01-29 03:18:13,173 - INFO - Step 2: Validating message started
2025-01-29 03:18:13,174 - ERROR - No message found to validate. Ensure Step 1: Sending message has been executed.
2025-01-29 03:21:27,943 - INFO - Step 1: Sending message started
2025-01-29 03:21:34,052 - INFO - Step 2: Validating message started
2025-01-29 03:21:34,053 - ERROR - No message found to validate. Ensure Step 1: Sending message has been executed.
2025-01-29 03:24:06,936 - INFO - Step 1: Sending message started
2025-01-29 03:24:12,922 - INFO - Step 2: Validating message started
2025-01-29 03:24:12,923 - ERROR - No message found to validate. Ensure Step 1: Sending message has been executed.
2025-01-29 03:26:04,454 - INFO - Step 1: Sending message started
2025-01-29 03:26:12,607 - INFO - Message sent successfully from sender device
2025-01-29 03:26:12,607 - INFO - Step 1: Sending message completed successfully
2025-01-29 03:26:12,609 - INFO - Step 2: Validating message started
2025-01-29 03:26:12,610 - ERROR - No message found to validate. Ensure Step 1: Sending message has been executed.
2025-01-29 03:27:54,788 - INFO - Step 1: Sending message started
2025-01-29 03:28:04,495 - INFO - Message sent successfully from sender device
2025-01-29 03:28:04,496 - INFO - Step 1: Sending message completed successfully
2025-01-29 03:28:04,500 - INFO - Step 2: Validating message started
2025-01-29 03:33:39,646 - INFO - Step 1: Sending message started
2025-01-29 03:33:49,460 - INFO - Message sent successfully from sender device
2025-01-29 03:33:49,460 - INFO - Step 1: Sending message completed successfully
2025-01-29 03:33:49,462 - INFO - Step 2: Validating message started
2025-01-29 03:36:32,032 - INFO - Step 1: Sending message started
2025-01-29 03:36:43,086 - INFO - Message sent successfully from sender device
2025-01-29 03:36:43,086 - INFO - Step 1: Sending message completed successfully
2025-01-29 03:36:43,088 - INFO - Step 2: Validating message started
2025-01-29 03:40:54,278 - INFO - Test case started
2025-01-29 03:41:04,590 - INFO - Message sent successfully from sender device
2025-01-29 03:41:12,384 - INFO - Message validated successfully on receiver device
2025-01-29 03:41:12,384 - INFO - Test case ended successfully
2025-01-29 03:46:06,063 - INFO - Test case started
2025-01-29 03:46:17,114 - INFO - Message sent successfully from sender device
2025-01-29 03:46:24,926 - INFO - Message validated successfully on receiver device
2025-01-29 03:46:24,926 - INFO - Test case ended successfully
2025-01-29 04:07:23,885 - INFO - Test case started
2025-01-29 04:07:34,754 - INFO - Message sent successfully from sender device
2025-01-29 04:07:42,756 - INFO - Message validated successfully on receiver device
2025-01-29 04:07:42,756 - INFO - Test case ended successfully
2025-01-29 04:49:42,463 - INFO - Test case started
2025-01-29 04:50:16,920 - INFO - Message sent successfully from sender device
2025-01-29 04:50:24,364 - INFO - Message validated successfully on receiver device
2025-01-29 04:50:24,364 - INFO - Test case ended successfully
2025-01-30 02:53:19,550 - INFO - Test case started
2025-01-30 02:53:31,477 - INFO - Message sent successfully from sender device
2025-01-30 02:53:39,148 - INFO - Message validated successfully on receiver device
2025-01-30 02:53:39,149 - INFO - Test case ended successfully
2025-01-30 02:54:12,304 - INFO - Test case started
2025-01-30 02:54:20,863 - INFO - Message sent successfully from sender device
2025-01-30 03:00:50,669 - INFO - Test case started
2025-01-30 03:00:59,907 - INFO - Message sent successfully from sender device
2025-01-30 03:02:32,501 - INFO - Test case started
2025-01-30 03:02:43,353 - INFO - Message sent successfully from sender device
2025-01-30 03:03:50,108 - INFO - Test case started
2025-01-30 03:04:01,270 - INFO - Message sent successfully from sender device
2025-01-30 03:06:07,995 - INFO - Test case started
2025-01-30 03:06:19,977 - INFO - Message sent successfully from sender device
2025-01-30 03:06:27,442 - INFO - Message validated successfully on receiver device
2025-01-30 03:06:27,442 - INFO - Test case ended successfully
2025-01-30 03:08:23,381 - INFO - Test case started
2025-01-30 03:08:32,925 - INFO - Message sent successfully from sender device
2025-01-30 03:15:52,721 - INFO - Test case started
2025-01-30 03:16:04,160 - INFO - Message sent successfully from sender device
2025-01-30 03:17:49,274 - INFO - Test case started
2025-01-30 03:18:01,623 - INFO - Message sent successfully from sender device
2025-01-30 03:26:20,322 - INFO - Test case started
2025-01-30 03:26:38,075 - INFO - Message sent successfully from sender device
2025-01-30 03:35:15,046 - INFO - Test case started
2025-01-30 03:35:32,873 - INFO - Message sent successfully from sender device
2025-01-30 03:39:26,582 - INFO - Test case started
2025-01-30 03:39:44,896 - INFO - Message sent successfully from sender device
2025-01-30 03:47:11,193 - INFO - Test case started
2025-01-30 03:47:22,415 - INFO - Message sent successfully from sender device
2025-01-30 03:53:08,737 - INFO - Test case started
2025-01-30 03:53:19,390 - INFO - Message sent successfully from sender device
2025-01-30 03:59:31,989 - INFO - Test case started
2025-01-30 03:59:42,539 - INFO - Message sent successfully from sender device
2025-01-30 04:00:51,135 - INFO - Test case started
2025-01-30 04:01:01,675 - INFO - Message sent successfully from sender device
2025-01-30 04:01:09,249 - INFO - Message validated successfully on receiver device
2025-01-30 04:01:09,249 - INFO - Test case ended successfully
